TN:
SF:/home/alban/git/xsd2json/index.js
FN:18,(anonymous_1)
FN:19,(anonymous_2)
FN:25,(anonymous_3)
FNF:3
FNH:0
FNDA:0,(anonymous_1)
FNDA:0,(anonymous_2)
FNDA:0,(anonymous_3)
DA:8,1
DA:10,1
DA:11,1
DA:12,1
DA:13,1
DA:18,1
DA:19,0
DA:20,0
DA:21,0
DA:22,0
DA:23,0
DA:25,0
DA:26,0
DA:27,0
DA:33,1
DA:34,1
DA:35,1
DA:36,1
LF:18
LH:10
BRDA:20,1,0,0
BRDA:20,1,1,0
BRDA:26,2,0,0
BRDA:26,2,1,0
BRF:4
BRH:0
end_of_record
TN:
SF:/home/alban/git/xsd2json/lib/xsd-inclusions.js
FN:15,(anonymous_1)
FN:36,fetchSchema
FN:42,(anonymous_3)
FN:52,(anonymous_4)
FN:62,(anonymous_5)
FN:72,appendSchema
FN:76,(anonymous_7)
FN:79,(anonymous_8)
FN:90,getNSPrefix
FN:99,attributePrefix
FN:134,prefixesSchema
FN:136,(anonymous_12)
FN:154,removeAnnotations
FN:172,extractTypesFromElements
FN:205,(anonymous_15)
FN:206,(anonymous_16)
FN:210,(anonymous_17)
FN:227,(anonymous_18)
FN:229,(anonymous_19)
FN:236,(anonymous_20)
FNF:20
FNH:18
FNDA:54,(anonymous_1)
FNDA:4,fetchSchema
FNDA:0,(anonymous_3)
FNDA:0,(anonymous_4)
FNDA:4,(anonymous_5)
FNDA:3,appendSchema
FNDA:3,(anonymous_7)
FNDA:6,(anonymous_8)
FNDA:529,getNSPrefix
FNDA:923,attributePrefix
FNDA:140,prefixesSchema
FNDA:506,(anonymous_12)
FNDA:140,removeAnnotations
FNDA:131,extractTypesFromElements
FNDA:4,(anonymous_15)
FNDA:4,(anonymous_16)
FNDA:4,(anonymous_17)
FNDA:3,(anonymous_18)
FNDA:3,(anonymous_19)
FNDA:4,(anonymous_20)
DA:1,1
DA:2,1
DA:3,1
DA:4,1
DA:5,1
DA:6,1
DA:7,1
DA:9,1
DA:12,1
DA:16,54
DA:18,51
DA:25,3
DA:34,1
DA:36,1
DA:37,4
DA:39,0
DA:40,0
DA:41,0
DA:42,0
DA:43,0
DA:44,0
DA:46,4
DA:48,0
DA:49,0
DA:50,0
DA:51,0
DA:52,0
DA:53,0
DA:54,0
DA:58,4
DA:59,4
DA:60,4
DA:61,4
DA:62,4
DA:63,4
DA:64,4
DA:72,1
DA:73,3
DA:74,3
DA:75,3
DA:76,3
DA:77,3
DA:79,3
DA:80,6
DA:90,1
DA:93,529
DA:99,1
DA:100,923
DA:101,542
DA:104,516
DA:105,516
DA:107,516
DA:109,13
DA:110,503
DA:111,503
DA:112,503
DA:113,503
DA:118,26
DA:119,26
DA:120,26
DA:121,26
DA:122,26
DA:124,26
DA:127,542
DA:134,1
DA:135,140
DA:136,140
DA:137,506
DA:139,140
DA:140,215
DA:141,136
DA:142,136
DA:143,136
DA:146,136
DA:154,1
DA:155,140
DA:156,216
DA:158,136
DA:159,1
DA:161,136
DA:163,136
DA:172,1
DA:173,131
DA:174,11
DA:175,1
DA:176,1
DA:177,1
DA:178,1
DA:179,1
DA:180,1
DA:182,11
DA:183,0
DA:184,0
DA:185,0
DA:186,0
DA:187,0
DA:188,0
DA:191,131
DA:192,199
DA:193,127
DA:205,1
DA:206,4
DA:207,4
DA:208,4
DA:210,4
DA:211,4
DA:214,4
DA:217,4
DA:220,4
DA:223,4
DA:226,4
DA:227,4
DA:229,3
DA:230,3
DA:231,3
DA:232,3
DA:233,3
DA:234,3
DA:238,4
DA:239,4
DA:240,4
LF:121
LH:102
BRDA:16,1,0,51
BRDA:16,1,1,3
BRDA:37,2,0,0
BRDA:37,2,1,4
BRDA:39,3,0,0
BRDA:39,3,1,0
BRDA:46,4,0,0
BRDA:46,4,1,4
BRDA:49,5,0,0
BRDA:49,5,1,0
BRDA:59,6,0,0
BRDA:59,6,1,4
BRDA:100,7,0,381
BRDA:100,7,1,542
BRDA:100,8,0,923
BRDA:100,8,1,923
BRDA:100,8,2,731
BRDA:101,9,0,516
BRDA:101,9,1,26
BRDA:107,10,0,13
BRDA:107,10,1,503
BRDA:110,11,0,503
BRDA:110,11,1,0
BRDA:118,12,0,26
BRDA:118,12,1,0
BRDA:121,13,0,26
BRDA:121,13,1,0
BRDA:140,14,0,136
BRDA:140,14,1,79
BRDA:140,15,0,215
BRDA:140,15,1,215
BRDA:156,16,0,136
BRDA:156,16,1,80
BRDA:156,17,0,216
BRDA:156,17,1,216
BRDA:158,18,0,1
BRDA:158,18,1,135
BRDA:158,19,0,136
BRDA:158,19,1,44
BRDA:173,20,0,11
BRDA:173,20,1,120
BRDA:173,21,0,131
BRDA:173,21,1,41
BRDA:173,21,2,27
BRDA:174,22,0,1
BRDA:174,22,1,10
BRDA:174,23,0,11
BRDA:174,23,1,1
BRDA:178,24,0,1
BRDA:178,24,1,1
BRDA:182,25,0,0
BRDA:182,25,1,11
BRDA:182,26,0,11
BRDA:182,26,1,0
BRDA:186,27,0,0
BRDA:186,27,1,0
BRDA:192,28,0,127
BRDA:192,28,1,72
BRDA:192,29,0,199
BRDA:192,29,1,199
BRDA:207,30,0,0
BRDA:207,30,1,4
BRDA:208,31,0,0
BRDA:208,31,1,4
BRDA:211,32,0,0
BRDA:211,32,1,4
BRDA:230,33,0,0
BRDA:230,33,1,3
BRDA:231,34,0,0
BRDA:231,34,1,3
BRF:70
BRH:51
end_of_record
TN:
SF:/home/alban/git/xsd2json/lib/xsd-extensions.js
FN:12,complexTypesToMerge
FN:13,(anonymous_2)
FN:31,mergeComplexTypes
FN:46,processSimpleTypes
FN:47,(anonymous_5)
FN:64,fixComplexType
FN:93,(anonymous_7)
FN:106,splitChoices
FN:108,(anonymous_9)
FN:114,(anonymous_10)
FN:122,(anonymous_11)
FN:141,fixElementRefs
FN:160,usedTypes
FN:176,(anonymous_14)
FN:188,(anonymous_15)
FN:195,(anonymous_16)
FN:202,(anonymous_17)
FN:218,(anonymous_18)
FN:227,(anonymous_19)
FNF:19
FNH:18
FNDA:3,complexTypesToMerge
FNDA:24,(anonymous_2)
FNDA:2,mergeComplexTypes
FNDA:1,processSimpleTypes
FNDA:3,(anonymous_5)
FNDA:8,fixComplexType
FNDA:3,(anonymous_7)
FNDA:1,splitChoices
FNDA:7,(anonymous_9)
FNDA:0,(anonymous_10)
FNDA:2,(anonymous_11)
FNDA:122,fixElementRefs
FNDA:138,usedTypes
FNDA:1,(anonymous_14)
FNDA:8,(anonymous_15)
FNDA:3,(anonymous_16)
FNDA:1,(anonymous_17)
FNDA:8,(anonymous_18)
FNDA:8,(anonymous_19)
DA:1,1
DA:2,1
DA:4,1
DA:12,1
DA:13,3
DA:14,24
DA:15,24
DA:17,24
DA:18,24
DA:20,4
DA:22,4
DA:24,4
DA:31,1
DA:32,2
DA:33,2
DA:34,2
DA:35,2
DA:36,2
DA:38,2
DA:39,2
DA:40,2
DA:46,1
DA:47,1
DA:48,3
DA:50,1
DA:51,1
DA:64,1
DA:65,8
DA:67,8
DA:68,8
DA:69,1
DA:70,1
DA:71,1
DA:73,1
DA:74,1
DA:80,1
DA:84,8
DA:85,8
DA:86,0
DA:87,0
DA:88,0
DA:89,0
DA:93,8
DA:94,3
DA:95,3
DA:96,3
DA:97,3
DA:98,3
DA:100,8
DA:106,1
DA:107,1
DA:108,1
DA:110,7
DA:112,7
DA:113,7
DA:114,0
DA:115,0
DA:116,0
DA:117,0
DA:118,0
DA:119,0
DA:121,7
DA:122,1
DA:123,2
DA:124,2
DA:125,2
DA:126,2
DA:127,2
DA:128,2
DA:131,6
DA:135,1
DA:141,1
DA:142,122
DA:143,2
DA:144,2
DA:145,2
DA:146,2
DA:147,2
DA:148,2
DA:150,122
DA:151,189
DA:152,121
DA:160,1
DA:161,138
DA:162,223
DA:163,137
DA:164,25
DA:166,137
DA:176,1
DA:177,1
DA:179,1
DA:181,1
DA:184,1
DA:187,1
DA:188,1
DA:189,8
DA:193,1
DA:194,1
DA:195,1
DA:196,3
DA:200,1
DA:201,1
DA:202,1
DA:203,1
DA:207,1
DA:209,1
DA:210,1
DA:211,2
DA:212,2
DA:216,1
DA:217,1
DA:218,1
DA:219,8
DA:220,8
DA:221,1
DA:223,8
DA:227,1
DA:228,8
DA:234,1
DA:236,1
LF:120
LH:110
BRDA:17,1,0,0
BRDA:17,1,1,24
BRDA:17,2,0,24
BRDA:17,2,1,4
BRDA:18,3,0,20
BRDA:18,3,1,4
BRDA:22,4,0,0
BRDA:22,4,1,4
BRDA:48,5,0,1
BRDA:48,5,1,2
BRDA:68,6,0,1
BRDA:68,6,1,7
BRDA:70,7,0,1
BRDA:70,7,1,1
BRDA:71,8,0,1
BRDA:71,8,1,1
BRDA:73,9,0,1
BRDA:73,9,1,0
BRDA:85,10,0,0
BRDA:85,10,1,8
BRDA:113,11,0,0
BRDA:113,11,1,7
BRDA:121,12,0,1
BRDA:121,12,1,6
BRDA:142,13,0,2
BRDA:142,13,1,120
BRDA:142,14,0,122
BRDA:142,14,1,40
BRDA:142,14,2,3
BRDA:151,15,0,121
BRDA:151,15,1,68
BRDA:151,16,0,189
BRDA:151,16,1,189
BRDA:162,17,0,137
BRDA:162,17,1,86
BRDA:162,18,0,223
BRDA:162,18,1,223
BRDA:163,19,0,25
BRDA:163,19,1,112
BRDA:219,20,0,8
BRDA:219,20,1,6
BRDA:220,21,0,1
BRDA:220,21,1,7
BRF:43
BRH:38
end_of_record
TN:
SF:/home/alban/git/xsd2json/lib/prolog-wrapper.js
FN:11,(anonymous_1)
FN:23,(anonymous_2)
FN:28,(anonymous_3)
FN:33,(anonymous_4)
FNF:4
FNH:4
FNDA:1,(anonymous_1)
FNDA:3,(anonymous_2)
FNDA:1,(anonymous_3)
FNDA:1,(anonymous_4)
DA:1,1
DA:3,1
DA:11,1
DA:12,1
DA:14,1
DA:18,1
DA:19,1
DA:20,1
DA:22,1
DA:23,1
DA:24,3
DA:27,1
DA:28,1
DA:29,1
DA:30,1
DA:33,1
DA:34,1
DA:35,1
DA:36,1
DA:39,1
DA:40,1
LF:21
LH:21
BRDA:35,1,0,0
BRDA:35,1,1,1
BRF:2
BRH:1
end_of_record
TN:
SF:/home/alban/git/xsd2json/lib/json-processing.js
FN:6,recursiveProcessing
FN:37,(anonymous_2)
FNF:2
FNH:2
FNDA:52,recursiveProcessing
FNDA:1,(anonymous_2)
DA:6,1
DA:8,52
DA:9,1
DA:10,1
DA:13,52
DA:14,2
DA:15,2
DA:19,52
DA:20,12
DA:21,12
DA:24,52
DA:25,109
DA:27,51
DA:37,1
DA:38,1
DA:39,0
DA:43,1
DA:44,10
DA:45,2
DA:46,2
DA:49,2
DA:55,1
DA:57,1
LF:23
LH:22
BRDA:8,1,0,1
BRDA:8,1,1,51
BRDA:8,2,0,52
BRDA:8,2,1,35
BRDA:8,2,2,34
BRDA:13,3,0,2
BRDA:13,3,1,50
BRDA:13,4,0,52
BRDA:13,4,1,35
BRDA:19,5,0,12
BRDA:19,5,1,40
BRDA:19,6,0,52
BRDA:19,6,1,35
BRDA:25,7,0,51
BRDA:25,7,1,58
BRDA:25,8,0,109
BRDA:25,8,1,109
BRDA:38,9,0,0
BRDA:38,9,1,1
BRDA:44,10,0,2
BRDA:44,10,1,8
BRDA:46,11,0,2
BRDA:46,11,1,1
BRF:23
BRH:22
end_of_record
