{"/home/travis/build/albanm/lcov2badge/index.js":{"path":"/home/travis/build/albanm/lcov2badge/index.js","s":{"1":1,"2":1,"3":1,"4":1,"5":3,"6":3,"7":3,"8":3,"9":1758,"10":15,"11":1758,"12":15,"13":3,"14":3,"15":3,"16":1,"17":2,"18":1,"19":2,"20":2,"21":2,"22":2,"23":2,"24":2,"25":2,"26":2,"27":2,"28":0,"29":2,"30":0,"31":2,"32":0,"33":2},"b":{"1":[15,1743],"2":[15,1743],"3":[1,1],"4":[2,2],"5":[2,2],"6":[2,2],"7":[2,2],"8":[0,2],"9":[0,2],"10":[0,2]},"f":{"1":3,"2":1758,"3":3,"4":2,"5":2},"fnMap":{"1":{"name":"(anonymous_1)","line":5,"loc":{"start":{"line":5,"column":21},"end":{"line":5,"column":49}}},"2":{"name":"(anonymous_2)","line":11,"loc":{"start":{"line":11,"column":19},"end":{"line":11,"column":33}}},"3":{"name":"(anonymous_3)","line":22,"loc":{"start":{"line":22,"column":18},"end":{"line":22,"column":28}}},"4":{"name":"(anonymous_4)","line":27,"loc":{"start":{"line":27,"column":16},"end":{"line":27,"column":44}}},"5":{"name":"(anonymous_5)","line":43,"loc":{"start":{"line":43,"column":38},"end":{"line":43,"column":59}}}},"statementMap":{"1":{"start":{"line":1,"column":0},"end":{"line":1,"column":23}},"2":{"start":{"line":2,"column":0},"end":{"line":2,"column":31}},"3":{"start":{"line":3,"column":0},"end":{"line":3,"column":45}},"4":{"start":{"line":5,"column":0},"end":{"line":25,"column":2}},"5":{"start":{"line":6,"column":1},"end":{"line":6,"column":74}},"6":{"start":{"line":8,"column":1},"end":{"line":8,"column":27}},"7":{"start":{"line":9,"column":1},"end":{"line":9,"column":22}},"8":{"start":{"line":11,"column":1},"end":{"line":18,"column":4}},"9":{"start":{"line":12,"column":2},"end":{"line":14,"column":3}},"10":{"start":{"line":13,"column":3},"end":{"line":13,"column":55}},"11":{"start":{"line":15,"column":2},"end":{"line":17,"column":3}},"12":{"start":{"line":16,"column":3},"end":{"line":16,"column":50}},"13":{"start":{"line":20,"column":1},"end":{"line":20,"column":30}},"14":{"start":{"line":22,"column":1},"end":{"line":24,"column":4}},"15":{"start":{"line":23,"column":2},"end":{"line":23,"column":51}},"16":{"start":{"line":27,"column":0},"end":{"line":50,"column":2}},"17":{"start":{"line":29,"column":1},"end":{"line":33,"column":2}},"18":{"start":{"line":30,"column":2},"end":{"line":32,"column":4}},"19":{"start":{"line":36,"column":1},"end":{"line":36,"column":52}},"20":{"start":{"line":37,"column":1},"end":{"line":37,"column":51}},"21":{"start":{"line":38,"column":1},"end":{"line":38,"column":44}},"22":{"start":{"line":39,"column":1},"end":{"line":39,"column":28}},"23":{"start":{"line":40,"column":1},"end":{"line":40,"column":26}},"24":{"start":{"line":41,"column":1},"end":{"line":41,"column":49}},"25":{"start":{"line":43,"column":1},"end":{"line":49,"column":4}},"26":{"start":{"line":44,"column":2},"end":{"line":44,"column":40}},"27":{"start":{"line":45,"column":2},"end":{"line":45,"column":31}},"28":{"start":{"line":45,"column":10},"end":{"line":45,"column":31}},"29":{"start":{"line":46,"column":2},"end":{"line":46,"column":135}},"30":{"start":{"line":46,"column":36},"end":{"line":46,"column":135}},"31":{"start":{"line":47,"column":2},"end":{"line":47,"column":139}},"32":{"start":{"line":47,"column":38},"end":{"line":47,"column":139}},"33":{"start":{"line":48,"column":2},"end":{"line":48,"column":94}}},"branchMap":{"1":{"line":12,"type":"if","locations":[{"start":{"line":12,"column":2},"end":{"line":12,"column":2}},{"start":{"line":12,"column":2},"end":{"line":12,"column":2}}]},"2":{"line":15,"type":"if","locations":[{"start":{"line":15,"column":2},"end":{"line":15,"column":2}},{"start":{"line":15,"column":2},"end":{"line":15,"column":2}}]},"3":{"line":29,"type":"if","locations":[{"start":{"line":29,"column":1},"end":{"line":29,"column":1}},{"start":{"line":29,"column":1},"end":{"line":29,"column":1}}]},"4":{"line":36,"type":"binary-expr","locations":[{"start":{"line":36,"column":19},"end":{"line":36,"column":34}},{"start":{"line":36,"column":38},"end":{"line":36,"column":51}}]},"5":{"line":37,"type":"binary-expr","locations":[{"start":{"line":37,"column":21},"end":{"line":37,"column":38}},{"start":{"line":37,"column":42},"end":{"line":37,"column":50}}]},"6":{"line":38,"type":"binary-expr","locations":[{"start":{"line":38,"column":19},"end":{"line":38,"column":34}},{"start":{"line":38,"column":38},"end":{"line":38,"column":43}}]},"7":{"line":41,"type":"binary-expr","locations":[{"start":{"line":41,"column":19},"end":{"line":41,"column":34}},{"start":{"line":41,"column":38},"end":{"line":41,"column":48}}]},"8":{"line":45,"type":"if","locations":[{"start":{"line":45,"column":2},"end":{"line":45,"column":2}},{"start":{"line":45,"column":2},"end":{"line":45,"column":2}}]},"9":{"line":46,"type":"if","locations":[{"start":{"line":46,"column":2},"end":{"line":46,"column":2}},{"start":{"line":46,"column":2},"end":{"line":46,"column":2}}]},"10":{"line":47,"type":"if","locations":[{"start":{"line":47,"column":2},"end":{"line":47,"column":2}},{"start":{"line":47,"column":2},"end":{"line":47,"column":2}}]}}}}