{"/home/travis/build/albanm/shields-lightweight/index.js":{"path":"/home/travis/build/albanm/shields-lightweight/index.js","s":{"1":1,"2":1,"3":1,"4":1,"5":1,"6":1,"7":1,"8":1,"9":3,"10":3,"11":1,"12":14,"13":1,"14":2,"15":2,"16":2,"17":2},"b":{"1":[2,2],"2":[2,0]},"f":{"1":3,"2":14,"3":2},"fnMap":{"1":{"name":"(anonymous_1)","line":14,"loc":{"start":{"line":14,"column":22},"end":{"line":14,"column":41}}},"2":{"name":"escapeXml","line":19,"loc":{"start":{"line":19,"column":0},"end":{"line":19,"column":22}}},"3":{"name":"(anonymous_3)","line":27,"loc":{"start":{"line":27,"column":14},"end":{"line":27,"column":54}}}},"statementMap":{"1":{"start":{"line":3,"column":0},"end":{"line":3,"column":23}},"2":{"start":{"line":4,"column":0},"end":{"line":4,"column":27}},"3":{"start":{"line":5,"column":0},"end":{"line":5,"column":25}},"4":{"start":{"line":7,"column":0},"end":{"line":7,"column":43}},"5":{"start":{"line":9,"column":0},"end":{"line":9,"column":35}},"6":{"start":{"line":12,"column":0},"end":{"line":12,"column":19}},"7":{"start":{"line":13,"column":0},"end":{"line":13,"column":70}},"8":{"start":{"line":14,"column":0},"end":{"line":17,"column":3}},"9":{"start":{"line":15,"column":2},"end":{"line":15,"column":93}},"10":{"start":{"line":16,"column":2},"end":{"line":16,"column":65}},"11":{"start":{"line":19,"column":0},"end":{"line":25,"column":1}},"12":{"start":{"line":20,"column":2},"end":{"line":24,"column":29}},"13":{"start":{"line":27,"column":0},"end":{"line":42,"column":2}},"14":{"start":{"line":28,"column":2},"end":{"line":28,"column":55}},"15":{"start":{"line":30,"column":2},"end":{"line":35,"column":4}},"16":{"start":{"line":39,"column":2},"end":{"line":39,"column":80}},"17":{"start":{"line":41,"column":2},"end":{"line":41,"column":24}}},"branchMap":{"1":{"line":28,"type":"binary-expr","locations":[{"start":{"line":28,"column":17},"end":{"line":28,"column":33}},{"start":{"line":28,"column":37},"end":{"line":28,"column":54}}]},"2":{"line":33,"type":"binary-expr","locations":[{"start":{"line":33,"column":12},"end":{"line":33,"column":30}},{"start":{"line":33,"column":34},"end":{"line":33,"column":49}}]}}}}