TN:
SF:/home/travis/build/albanm/lcov2badge/index.js
FN:5,(anonymous_1)
FN:11,(anonymous_2)
FN:22,(anonymous_3)
FN:27,(anonymous_4)
FN:43,(anonymous_5)
FNF:5
FNH:5
FNDA:3,(anonymous_1)
FNDA:1758,(anonymous_2)
FNDA:3,(anonymous_3)
FNDA:2,(anonymous_4)
FNDA:2,(anonymous_5)
DA:1,1
DA:2,1
DA:3,1
DA:5,1
DA:6,3
DA:8,3
DA:9,3
DA:11,3
DA:12,1758
DA:13,15
DA:15,1758
DA:16,15
DA:20,3
DA:22,3
DA:23,3
DA:27,1
DA:29,2
DA:30,1
DA:36,2
DA:37,2
DA:38,2
DA:39,2
DA:40,2
DA:41,2
DA:43,2
DA:44,2
DA:45,2
DA:46,2
DA:47,2
DA:48,2
LF:30
LH:30
BRDA:12,1,0,15
BRDA:12,1,1,1743
BRDA:15,2,0,15
BRDA:15,2,1,1743
BRDA:29,3,0,1
BRDA:29,3,1,1
BRDA:36,4,0,2
BRDA:36,4,1,2
BRDA:37,5,0,2
BRDA:37,5,1,2
BRDA:38,6,0,2
BRDA:38,6,1,2
BRDA:41,7,0,2
BRDA:41,7,1,2
BRDA:45,8,0,0
BRDA:45,8,1,2
BRDA:46,9,0,0
BRDA:46,9,1,2
BRDA:47,10,0,0
BRDA:47,10,1,2
BRF:20
BRH:17
end_of_record
